{"C:\\Users\\Kevin\\Desktop\\VSCode\\CS490 Directory\\IP0\\src\\Ship.ts": {"path":"C:\\Users\\Kevin\\Desktop\\VSCode\\CS490 Directory\\IP0\\src\\Ship.ts","statementMap":{"0":{"start":{"line":13,"column":4},"end":{"line":13,"column":24}},"1":{"start":{"line":14,"column":4},"end":{"line":14,"column":36}},"2":{"start":{"line":15,"column":4},"end":{"line":15,"column":19}},"3":{"start":{"line":17,"column":4},"end":{"line":19,"column":null}},"4":{"start":{"line":17,"column":17},"end":{"line":17,"column":18}},"5":{"start":{"line":18,"column":6},"end":{"line":18,"column":35}},"6":{"start":{"line":21,"column":4},"end":{"line":21,"column":24}},"7":{"start":{"line":23,"column":4},"end":{"line":25,"column":null}},"8":{"start":{"line":23,"column":17},"end":{"line":23,"column":18}},"9":{"start":{"line":24,"column":6},"end":{"line":24,"column":45}},"10":{"start":{"line":31,"column":4},"end":{"line":31,"column":21}},"11":{"start":{"line":35,"column":4},"end":{"line":35,"column":26}},"12":{"start":{"line":39,"column":4},"end":{"line":39,"column":26}},"13":{"start":{"line":43,"column":4},"end":{"line":47,"column":null}},"14":{"start":{"line":43,"column":17},"end":{"line":43,"column":18}},"15":{"start":{"line":44,"column":6},"end":{"line":46,"column":null}},"16":{"start":{"line":45,"column":8},"end":{"line":45,"column":20}},"17":{"start":{"line":48,"column":4},"end":{"line":48,"column":17}},"18":{"start":{"line":52,"column":16},"end":{"line":52,"column":17}},"19":{"start":{"line":55,"column":4},"end":{"line":59,"column":null}},"20":{"start":{"line":55,"column":17},"end":{"line":55,"column":18}},"21":{"start":{"line":56,"column":6},"end":{"line":58,"column":null}},"22":{"start":{"line":57,"column":8},"end":{"line":57,"column":19}},"23":{"start":{"line":62,"column":4},"end":{"line":68,"column":null}},"24":{"start":{"line":62,"column":17},"end":{"line":62,"column":18}},"25":{"start":{"line":63,"column":6},"end":{"line":67,"column":null}},"26":{"start":{"line":63,"column":19},"end":{"line":63,"column":20}},"27":{"start":{"line":64,"column":8},"end":{"line":66,"column":null}},"28":{"start":{"line":65,"column":10},"end":{"line":65,"column":21}},"29":{"start":{"line":70,"column":4},"end":{"line":70,"column":17}},"30":{"start":{"line":74,"column":4},"end":{"line":79,"column":null}},"31":{"start":{"line":74,"column":17},"end":{"line":74,"column":18}},"32":{"start":{"line":75,"column":6},"end":{"line":78,"column":null}},"33":{"start":{"line":77,"column":8},"end":{"line":77,"column":31}},"34":{"start":{"line":84,"column":4},"end":{"line":84,"column":24}},"35":{"start":{"line":87,"column":4},"end":{"line":91,"column":null}},"36":{"start":{"line":87,"column":17},"end":{"line":87,"column":18}},"37":{"start":{"line":88,"column":6},"end":{"line":90,"column":null}},"38":{"start":{"line":88,"column":19},"end":{"line":88,"column":20}},"39":{"start":{"line":89,"column":8},"end":{"line":89,"column":41}},"40":{"start":{"line":95,"column":20},"end":{"line":95,"column":22}},"41":{"start":{"line":98,"column":4},"end":{"line":98,"column":41}},"42":{"start":{"line":101,"column":4},"end":{"line":108,"column":null}},"43":{"start":{"line":101,"column":17},"end":{"line":101,"column":18}},"44":{"start":{"line":102,"column":6},"end":{"line":104,"column":null}},"45":{"start":{"line":103,"column":8},"end":{"line":103,"column":20}},"46":{"start":{"line":106,"column":6},"end":{"line":106,"column":56}},"47":{"start":{"line":111,"column":4},"end":{"line":111,"column":17}},"48":{"start":{"line":3,"column":0},"end":{"line":3,"column":21}},"49":{"start":{"line":10,"column":9},"end":{"line":10,"column":23}}},"fnMap":{"0":{"name":"(anonymous_0)","decl":{"start":{"line":12,"column":2},"end":{"line":12,"column":14}},"loc":{"start":{"line":12,"column":61},"end":{"line":27,"column":3}}},"1":{"name":"(anonymous_1)","decl":{"start":{"line":30,"column":2},"end":{"line":30,"column":9}},"loc":{"start":{"line":30,"column":9},"end":{"line":32,"column":3}}},"2":{"name":"(anonymous_2)","decl":{"start":{"line":34,"column":2},"end":{"line":34,"column":14}},"loc":{"start":{"line":34,"column":14},"end":{"line":36,"column":3}}},"3":{"name":"(anonymous_3)","decl":{"start":{"line":38,"column":2},"end":{"line":38,"column":17}},"loc":{"start":{"line":38,"column":17},"end":{"line":40,"column":3}}},"4":{"name":"(anonymous_4)","decl":{"start":{"line":42,"column":2},"end":{"line":42,"column":10}},"loc":{"start":{"line":42,"column":10},"end":{"line":49,"column":3}}},"5":{"name":"(anonymous_5)","decl":{"start":{"line":51,"column":2},"end":{"line":51,"column":13}},"loc":{"start":{"line":51,"column":13},"end":{"line":71,"column":3}}},"6":{"name":"(anonymous_6)","decl":{"start":{"line":73,"column":2},"end":{"line":73,"column":14}},"loc":{"start":{"line":73,"column":14},"end":{"line":80,"column":3}}},"7":{"name":"(anonymous_7)","decl":{"start":{"line":82,"column":2},"end":{"line":82,"column":18}},"loc":{"start":{"line":82,"column":18},"end":{"line":92,"column":3}}},"8":{"name":"(anonymous_8)","decl":{"start":{"line":94,"column":2},"end":{"line":94,"column":20}},"loc":{"start":{"line":94,"column":20},"end":{"line":112,"column":3}}}},"branchMap":{"0":{"loc":{"start":{"line":44,"column":6},"end":{"line":46,"column":null}},"type":"if","locations":[{"start":{"line":44,"column":6},"end":{"line":46,"column":null}}]},"1":{"loc":{"start":{"line":56,"column":6},"end":{"line":58,"column":null}},"type":"if","locations":[{"start":{"line":56,"column":6},"end":{"line":58,"column":null}}]},"2":{"loc":{"start":{"line":64,"column":8},"end":{"line":66,"column":null}},"type":"if","locations":[{"start":{"line":64,"column":8},"end":{"line":66,"column":null}}]},"3":{"loc":{"start":{"line":75,"column":6},"end":{"line":78,"column":null}},"type":"if","locations":[{"start":{"line":75,"column":6},"end":{"line":78,"column":null}}]},"4":{"loc":{"start":{"line":102,"column":6},"end":{"line":104,"column":null}},"type":"if","locations":[{"start":{"line":102,"column":6},"end":{"line":104,"column":null}}]}},"s":{"0":5,"1":5,"2":5,"3":5,"4":5,"5":8,"6":5,"7":5,"8":5,"9":5,"10":1,"11":1,"12":8,"13":0,"14":0,"15":0,"16":0,"17":0,"18":1,"19":1,"20":1,"21":0,"22":0,"23":1,"24":1,"25":3,"26":3,"27":8,"28":3,"29":1,"30":0,"31":0,"32":0,"33":0,"34":0,"35":0,"36":0,"37":0,"38":0,"39":0,"40":1,"41":1,"42":1,"43":1,"44":3,"45":0,"46":3,"47":1,"48":1,"49":1},"f":{"0":5,"1":1,"2":1,"3":8,"4":0,"5":1,"6":0,"7":0,"8":1},"b":{"0":[0],"1":[0],"2":[3],"3":[0],"4":[0]}}
,"C:\\Users\\Kevin\\Desktop\\VSCode\\CS490 Directory\\IP0\\src\\Venusian.ts": {"path":"C:\\Users\\Kevin\\Desktop\\VSCode\\CS490 Directory\\IP0\\src\\Venusian.ts","statementMap":{"0":{"start":{"line":9,"column":4},"end":{"line":9,"column":21}},"1":{"start":{"line":10,"column":4},"end":{"line":10,"column":35}},"2":{"start":{"line":11,"column":4},"end":{"line":11,"column":41}},"3":{"start":{"line":16,"column":4},"end":{"line":16,"column":21}},"4":{"start":{"line":20,"column":4},"end":{"line":20,"column":20}},"5":{"start":{"line":1,"column":0},"end":{"line":1,"column":21}},"6":{"start":{"line":6,"column":9},"end":{"line":6,"column":30}}},"fnMap":{"0":{"name":"(anonymous_0)","decl":{"start":{"line":8,"column":2},"end":{"line":8,"column":14}},"loc":{"start":{"line":8,"column":25},"end":{"line":12,"column":3}}},"1":{"name":"(anonymous_1)","decl":{"start":{"line":15,"column":2},"end":{"line":15,"column":9}},"loc":{"start":{"line":15,"column":9},"end":{"line":17,"column":3}}},"2":{"name":"(anonymous_2)","decl":{"start":{"line":19,"column":2},"end":{"line":19,"column":8}},"loc":{"start":{"line":19,"column":8},"end":{"line":21,"column":3}}}},"branchMap":{},"s":{"0":4,"1":4,"2":4,"3":9,"4":1,"5":1,"6":1},"f":{"0":4,"1":9,"2":1},"b":{}}
}
