TN:
SF:src\Ship.ts
FN:12,(anonymous_0)
FN:30,(anonymous_1)
FN:34,(anonymous_2)
FN:38,(anonymous_3)
FN:42,(anonymous_4)
FN:51,(anonymous_5)
FN:73,(anonymous_6)
FN:82,(anonymous_7)
FN:94,(anonymous_8)
FNF:9
FNH:6
FNDA:5,(anonymous_0)
FNDA:1,(anonymous_1)
FNDA:1,(anonymous_2)
FNDA:8,(anonymous_3)
FNDA:0,(anonymous_4)
FNDA:1,(anonymous_5)
FNDA:0,(anonymous_6)
FNDA:0,(anonymous_7)
FNDA:1,(anonymous_8)
DA:3,1
DA:10,1
DA:13,5
DA:14,5
DA:15,5
DA:17,5
DA:18,8
DA:21,5
DA:23,5
DA:24,5
DA:31,1
DA:35,1
DA:39,8
DA:43,0
DA:44,0
DA:45,0
DA:48,0
DA:52,1
DA:55,1
DA:56,0
DA:57,0
DA:62,1
DA:63,3
DA:64,8
DA:65,3
DA:70,1
DA:74,0
DA:75,0
DA:77,0
DA:84,0
DA:87,0
DA:88,0
DA:89,0
DA:95,1
DA:98,1
DA:101,1
DA:102,3
DA:103,0
DA:106,3
DA:111,1
LF:40
LH:26
BRDA:44,0,0,0
BRDA:56,1,0,0
BRDA:64,2,0,3
BRDA:75,3,0,0
BRDA:102,4,0,0
BRF:5
BRH:1
end_of_record
TN:
SF:src\Venusian.ts
FN:8,(anonymous_0)
FN:15,(anonymous_1)
FN:19,(anonymous_2)
FNF:3
FNH:3
FNDA:4,(anonymous_0)
FNDA:9,(anonymous_1)
FNDA:1,(anonymous_2)
DA:1,1
DA:6,1
DA:9,4
DA:10,4
DA:11,4
DA:16,9
DA:20,1
LF:7
LH:7
BRF:0
BRH:0
end_of_record
